0 info it worked if it ends with ok
1 verbose cli [ 'C:\\Program Files\\nodejs\\\\node.exe',
1 verbose cli   'C:\\Program Files\\nodejs\\node_modules\\npm\\bin\\npm-cli.js',
1 verbose cli   'install' ]
2 info using npm@1.4.28
3 info using node@v0.10.34
4 verbose node symlink C:\Program Files\nodejs\\node.exe
5 verbose readDependencies using package.json deps
6 verbose install where, deps [ 'C:\\Users\\shamika\\Desktop\\AQMS',
6 verbose install   [ 'body-parser',
6 verbose install     'ejs',
6 verbose install     'express',
6 verbose install     'express-myconnection',
6 verbose install     'express-validator',
6 verbose install     'mysql' ] ]
7 info preinstall air-quality@0.0.0
8 verbose readDependencies using package.json deps
9 verbose cache add [ 'body-parser@1.9.0', null ]
10 verbose cache add name=undefined spec="body-parser@1.9.0" args=["body-parser@1.9.0",null]
11 verbose parsed url { protocol: null,
11 verbose parsed url   slashes: null,
11 verbose parsed url   auth: null,
11 verbose parsed url   host: null,
11 verbose parsed url   port: null,
11 verbose parsed url   hostname: null,
11 verbose parsed url   hash: null,
11 verbose parsed url   search: null,
11 verbose parsed url   query: null,
11 verbose parsed url   pathname: 'body-parser@1.9.0',
11 verbose parsed url   path: 'body-parser@1.9.0',
11 verbose parsed url   href: 'body-parser@1.9.0' }
12 verbose cache add [ 'ejs@^1.0.0', null ]
13 verbose cache add name=undefined spec="ejs@^1.0.0" args=["ejs@^1.0.0",null]
14 verbose parsed url { protocol: null,
14 verbose parsed url   slashes: null,
14 verbose parsed url   auth: null,
14 verbose parsed url   host: null,
14 verbose parsed url   port: null,
14 verbose parsed url   hostname: null,
14 verbose parsed url   hash: null,
14 verbose parsed url   search: null,
14 verbose parsed url   query: null,
14 verbose parsed url   pathname: 'ejs@^1.0.0',
14 verbose parsed url   path: 'ejs@^1.0.0',
14 verbose parsed url   href: 'ejs@^1.0.0' }
15 verbose cache add [ 'express@4.9.5', null ]
16 verbose cache add name=undefined spec="express@4.9.5" args=["express@4.9.5",null]
17 verbose parsed url { protocol: null,
17 verbose parsed url   slashes: null,
17 verbose parsed url   auth: null,
17 verbose parsed url   host: null,
17 verbose parsed url   port: null,
17 verbose parsed url   hostname: null,
17 verbose parsed url   hash: null,
17 verbose parsed url   search: null,
17 verbose parsed url   query: null,
17 verbose parsed url   pathname: 'express@4.9.5',
17 verbose parsed url   path: 'express@4.9.5',
17 verbose parsed url   href: 'express@4.9.5' }
18 verbose cache add [ 'express-myconnection@*', null ]
19 verbose cache add name=undefined spec="express-myconnection@*" args=["express-myconnection@*",null]
20 verbose parsed url { protocol: null,
20 verbose parsed url   slashes: null,
20 verbose parsed url   auth: null,
20 verbose parsed url   host: null,
20 verbose parsed url   port: null,
20 verbose parsed url   hostname: null,
20 verbose parsed url   hash: null,
20 verbose parsed url   search: null,
20 verbose parsed url   query: null,
20 verbose parsed url   pathname: 'express-myconnection@*',
20 verbose parsed url   path: 'express-myconnection@*',
20 verbose parsed url   href: 'express-myconnection@*' }
21 verbose cache add [ 'express-validator@^2.6.0', null ]
22 verbose cache add name=undefined spec="express-validator@^2.6.0" args=["express-validator@^2.6.0",null]
23 verbose parsed url { protocol: null,
23 verbose parsed url   slashes: null,
23 verbose parsed url   auth: null,
23 verbose parsed url   host: null,
23 verbose parsed url   port: null,
23 verbose parsed url   hostname: null,
23 verbose parsed url   hash: null,
23 verbose parsed url   search: null,
23 verbose parsed url   query: null,
23 verbose parsed url   pathname: 'express-validator@^2.6.0',
23 verbose parsed url   path: 'express-validator@^2.6.0',
23 verbose parsed url   href: 'express-validator@^2.6.0' }
24 verbose cache add [ 'mysql@*', null ]
25 verbose cache add name=undefined spec="mysql@*" args=["mysql@*",null]
26 verbose parsed url { protocol: null,
26 verbose parsed url   slashes: null,
26 verbose parsed url   auth: null,
26 verbose parsed url   host: null,
26 verbose parsed url   port: null,
26 verbose parsed url   hostname: null,
26 verbose parsed url   hash: null,
26 verbose parsed url   search: null,
26 verbose parsed url   query: null,
26 verbose parsed url   pathname: 'mysql@*',
26 verbose parsed url   path: 'mysql@*',
26 verbose parsed url   href: 'mysql@*' }
27 verbose cache add name="body-parser" spec="1.9.0" args=["body-parser","1.9.0"]
28 verbose parsed url { protocol: null,
28 verbose parsed url   slashes: null,
28 verbose parsed url   auth: null,
28 verbose parsed url   host: null,
28 verbose parsed url   port: null,
28 verbose parsed url   hostname: null,
28 verbose parsed url   hash: null,
28 verbose parsed url   search: null,
28 verbose parsed url   query: null,
28 verbose parsed url   pathname: '1.9.0',
28 verbose parsed url   path: '1.9.0',
28 verbose parsed url   href: '1.9.0' }
29 verbose addNamed [ 'body-parser', '1.9.0' ]
30 verbose addNamed [ '1.9.0', '1.9.0' ]
31 verbose cache add name="ejs" spec="^1.0.0" args=["ejs","^1.0.0"]
32 verbose parsed url { protocol: null,
32 verbose parsed url   slashes: null,
32 verbose parsed url   auth: null,
32 verbose parsed url   host: null,
32 verbose parsed url   port: null,
32 verbose parsed url   hostname: null,
32 verbose parsed url   hash: null,
32 verbose parsed url   search: null,
32 verbose parsed url   query: null,
32 verbose parsed url   pathname: '^1.0.0',
32 verbose parsed url   path: '^1.0.0',
32 verbose parsed url   href: '^1.0.0' }
33 verbose addNamed [ 'ejs', '^1.0.0' ]
34 verbose addNamed [ null, '>=1.0.0-0 <2.0.0-0' ]
35 verbose cache add name="express" spec="4.9.5" args=["express","4.9.5"]
36 verbose parsed url { protocol: null,
36 verbose parsed url   slashes: null,
36 verbose parsed url   auth: null,
36 verbose parsed url   host: null,
36 verbose parsed url   port: null,
36 verbose parsed url   hostname: null,
36 verbose parsed url   hash: null,
36 verbose parsed url   search: null,
36 verbose parsed url   query: null,
36 verbose parsed url   pathname: '4.9.5',
36 verbose parsed url   path: '4.9.5',
36 verbose parsed url   href: '4.9.5' }
37 verbose addNamed [ 'express', '4.9.5' ]
38 verbose addNamed [ '4.9.5', '4.9.5' ]
39 verbose cache add name="express-myconnection" spec="*" args=["express-myconnection","*"]
40 verbose parsed url { protocol: null,
40 verbose parsed url   slashes: null,
40 verbose parsed url   auth: null,
40 verbose parsed url   host: null,
40 verbose parsed url   port: null,
40 verbose parsed url   hostname: null,
40 verbose parsed url   hash: null,
40 verbose parsed url   search: null,
40 verbose parsed url   query: null,
40 verbose parsed url   pathname: '*',
40 verbose parsed url   path: '*',
40 verbose parsed url   href: '*' }
41 verbose addNamed [ 'express-myconnection', '*' ]
42 verbose addNamed [ null, '*' ]
43 verbose cache add name="express-validator" spec="^2.6.0" args=["express-validator","^2.6.0"]
44 verbose parsed url { protocol: null,
44 verbose parsed url   slashes: null,
44 verbose parsed url   auth: null,
44 verbose parsed url   host: null,
44 verbose parsed url   port: null,
44 verbose parsed url   hostname: null,
44 verbose parsed url   hash: null,
44 verbose parsed url   search: null,
44 verbose parsed url   query: null,
44 verbose parsed url   pathname: '^2.6.0',
44 verbose parsed url   path: '^2.6.0',
44 verbose parsed url   href: '^2.6.0' }
45 verbose addNamed [ 'express-validator', '^2.6.0' ]
46 verbose addNamed [ null, '>=2.6.0-0 <3.0.0-0' ]
47 verbose cache add name="mysql" spec="*" args=["mysql","*"]
48 verbose parsed url { protocol: null,
48 verbose parsed url   slashes: null,
48 verbose parsed url   auth: null,
48 verbose parsed url   host: null,
48 verbose parsed url   port: null,
48 verbose parsed url   hostname: null,
48 verbose parsed url   hash: null,
48 verbose parsed url   search: null,
48 verbose parsed url   query: null,
48 verbose parsed url   pathname: '*',
48 verbose parsed url   path: '*',
48 verbose parsed url   href: '*' }
49 verbose addNamed [ 'mysql', '*' ]
50 verbose addNamed [ null, '*' ]
51 silly lockFile c6dc987b-body-parser-1-9-0 body-parser@1.9.0
52 verbose lock body-parser@1.9.0 C:\Users\shamika\AppData\Roaming\npm-cache\c6dc987b-body-parser-1-9-0.lock
53 silly lockFile b798bccb-ejs-1-0-0 ejs@^1.0.0
54 verbose lock ejs@^1.0.0 C:\Users\shamika\AppData\Roaming\npm-cache\b798bccb-ejs-1-0-0.lock
55 silly lockFile f27a90a0-express-4-9-5 express@4.9.5
56 verbose lock express@4.9.5 C:\Users\shamika\AppData\Roaming\npm-cache\f27a90a0-express-4-9-5.lock
57 silly lockFile 2bac6400-express-myconnection express-myconnection@*
58 verbose lock express-myconnection@* C:\Users\shamika\AppData\Roaming\npm-cache\2bac6400-express-myconnection.lock
59 silly lockFile 7ddbc988-express-validator-2-6-0 express-validator@^2.6.0
60 verbose lock express-validator@^2.6.0 C:\Users\shamika\AppData\Roaming\npm-cache\7ddbc988-express-validator-2-6-0.lock
61 silly lockFile 68913812-mysql mysql@*
62 verbose lock mysql@* C:\Users\shamika\AppData\Roaming\npm-cache\68913812-mysql.lock
63 silly addNameRange { name: 'express-myconnection', range: '*', hasData: false }
64 silly addNameRange { name: 'ejs', range: '>=1.0.0-0 <2.0.0-0', hasData: false }
65 silly addNameRange { name: 'mysql', range: '*', hasData: false }
66 silly addNameRange { name: 'express-validator',
66 silly addNameRange   range: '>=2.6.0-0 <3.0.0-0',
66 silly addNameRange   hasData: false }
67 verbose request where is /express-myconnection
68 verbose request registry https://registry.npmjs.org/
69 verbose request id 2953815f9d1a9e81
70 verbose url raw /express-myconnection
71 verbose url resolving [ 'https://registry.npmjs.org/', './express-myconnection' ]
72 verbose url resolved https://registry.npmjs.org/express-myconnection
73 verbose request where is https://registry.npmjs.org/express-myconnection
74 info trying registry request attempt 1 at 17:32:04
75 verbose etag "QB25231PZ7WJPVJ5PHJWSL8V"
76 http GET https://registry.npmjs.org/express-myconnection
77 verbose request where is /body-parser
78 verbose request registry https://registry.npmjs.org/
79 verbose url raw /body-parser
80 verbose url resolving [ 'https://registry.npmjs.org/', './body-parser' ]
81 verbose url resolved https://registry.npmjs.org/body-parser
82 verbose request where is https://registry.npmjs.org/body-parser
83 info trying registry request attempt 1 at 17:32:04
84 verbose etag "BQ1KMHB0RACXKMRDS701K7N6U"
85 http GET https://registry.npmjs.org/body-parser
86 verbose request where is /ejs
87 verbose request registry https://registry.npmjs.org/
88 verbose url raw /ejs
89 verbose url resolving [ 'https://registry.npmjs.org/', './ejs' ]
90 verbose url resolved https://registry.npmjs.org/ejs
91 verbose request where is https://registry.npmjs.org/ejs
92 info trying registry request attempt 1 at 17:32:04
93 verbose etag "3WHTP09A5ITO6OPABJJNLJWDQ"
94 http GET https://registry.npmjs.org/ejs
95 verbose request where is /mysql
96 verbose request registry https://registry.npmjs.org/
97 verbose url raw /mysql
98 verbose url resolving [ 'https://registry.npmjs.org/', './mysql' ]
99 verbose url resolved https://registry.npmjs.org/mysql
100 verbose request where is https://registry.npmjs.org/mysql
101 info trying registry request attempt 1 at 17:32:04
102 verbose etag "2AFSZOS5GG552H4MGCT4OY7YL"
103 http GET https://registry.npmjs.org/mysql
104 verbose request where is /express-validator
105 verbose request registry https://registry.npmjs.org/
106 verbose url raw /express-validator
107 verbose url resolving [ 'https://registry.npmjs.org/', './express-validator' ]
108 verbose url resolved https://registry.npmjs.org/express-validator
109 verbose request where is https://registry.npmjs.org/express-validator
110 info trying registry request attempt 1 at 17:32:04
111 verbose etag "AGQIU823RLWQPS7POH2OL3WBA"
112 http GET https://registry.npmjs.org/express-validator
113 verbose request where is /express
114 verbose request registry https://registry.npmjs.org/
115 verbose url raw /express
116 verbose url resolving [ 'https://registry.npmjs.org/', './express' ]
117 verbose url resolved https://registry.npmjs.org/express
118 verbose request where is https://registry.npmjs.org/express
119 info trying registry request attempt 1 at 17:32:04
120 verbose etag "BFBA5FMOKQINAUV1HAUJUFX0T"
121 http GET https://registry.npmjs.org/express
122 info retry will retry, error on last attempt: Error: tunneling socket could not be established, cause=6736:error:140770FC:SSL routines:SSL23_GET_SERVER_HELLO:unknown protocol:openssl\ssl\s23_clnt.c:795:
123 info retry will retry, error on last attempt: Error: tunneling socket could not be established, cause=6736:error:140770FC:SSL routines:SSL23_GET_SERVER_HELLO:unknown protocol:openssl\ssl\s23_clnt.c:795:
124 info retry will retry, error on last attempt: Error: tunneling socket could not be established, cause=6736:error:140770FC:SSL routines:SSL23_GET_SERVER_HELLO:unknown protocol:openssl\ssl\s23_clnt.c:795:
125 info retry will retry, error on last attempt: Error: tunneling socket could not be established, cause=6736:error:140770FC:SSL routines:SSL23_GET_SERVER_HELLO:unknown protocol:openssl\ssl\s23_clnt.c:795:
126 info retry will retry, error on last attempt: Error: tunneling socket could not be established, cause=6736:error:140770FC:SSL routines:SSL23_GET_SERVER_HELLO:unknown protocol:openssl\ssl\s23_clnt.c:795:
127 info retry will retry, error on last attempt: Error: tunneling socket could not be established, cause=6736:error:140770FC:SSL routines:SSL23_GET_SERVER_HELLO:unknown protocol:openssl\ssl\s23_clnt.c:795:
128 info trying registry request attempt 2 at 17:32:14
129 verbose etag "QB25231PZ7WJPVJ5PHJWSL8V"
130 http GET https://registry.npmjs.org/express-myconnection
131 info trying registry request attempt 2 at 17:32:14
132 verbose etag "BQ1KMHB0RACXKMRDS701K7N6U"
133 http GET https://registry.npmjs.org/body-parser
134 info trying registry request attempt 2 at 17:32:14
135 verbose etag "3WHTP09A5ITO6OPABJJNLJWDQ"
136 http GET https://registry.npmjs.org/ejs
137 info trying registry request attempt 2 at 17:32:14
138 verbose etag "2AFSZOS5GG552H4MGCT4OY7YL"
139 http GET https://registry.npmjs.org/mysql
140 info trying registry request attempt 2 at 17:32:14
141 verbose etag "AGQIU823RLWQPS7POH2OL3WBA"
142 http GET https://registry.npmjs.org/express-validator
143 info trying registry request attempt 2 at 17:32:14
144 verbose etag "BFBA5FMOKQINAUV1HAUJUFX0T"
145 http GET https://registry.npmjs.org/express
146 info retry will retry, error on last attempt: Error: tunneling socket could not be established, cause=6736:error:140770FC:SSL routines:SSL23_GET_SERVER_HELLO:unknown protocol:openssl\ssl\s23_clnt.c:795:
147 info retry will retry, error on last attempt: Error: tunneling socket could not be established, cause=6736:error:140770FC:SSL routines:SSL23_GET_SERVER_HELLO:unknown protocol:openssl\ssl\s23_clnt.c:795:
148 info retry will retry, error on last attempt: Error: tunneling socket could not be established, cause=6736:error:140770FC:SSL routines:SSL23_GET_SERVER_HELLO:unknown protocol:openssl\ssl\s23_clnt.c:795:
149 info retry will retry, error on last attempt: Error: tunneling socket could not be established, cause=6736:error:140770FC:SSL routines:SSL23_GET_SERVER_HELLO:unknown protocol:openssl\ssl\s23_clnt.c:795:
150 info retry will retry, error on last attempt: Error: tunneling socket could not be established, cause=6736:error:140770FC:SSL routines:SSL23_GET_SERVER_HELLO:unknown protocol:openssl\ssl\s23_clnt.c:795:
151 info retry will retry, error on last attempt: Error: tunneling socket could not be established, cause=6736:error:140770FC:SSL routines:SSL23_GET_SERVER_HELLO:unknown protocol:openssl\ssl\s23_clnt.c:795:
152 info trying registry request attempt 3 at 17:33:14
153 verbose etag "QB25231PZ7WJPVJ5PHJWSL8V"
154 http GET https://registry.npmjs.org/express-myconnection
155 info trying registry request attempt 3 at 17:33:14
156 verbose etag "BQ1KMHB0RACXKMRDS701K7N6U"
157 http GET https://registry.npmjs.org/body-parser
158 info trying registry request attempt 3 at 17:33:14
159 verbose etag "3WHTP09A5ITO6OPABJJNLJWDQ"
160 http GET https://registry.npmjs.org/ejs
161 info trying registry request attempt 3 at 17:33:14
162 verbose etag "2AFSZOS5GG552H4MGCT4OY7YL"
163 http GET https://registry.npmjs.org/mysql
164 info trying registry request attempt 3 at 17:33:14
165 verbose etag "AGQIU823RLWQPS7POH2OL3WBA"
166 http GET https://registry.npmjs.org/express-validator
167 info trying registry request attempt 3 at 17:33:14
168 verbose etag "BFBA5FMOKQINAUV1HAUJUFX0T"
169 http GET https://registry.npmjs.org/express
170 silly registry.get cb [ 304, undefined ]
171 verbose etag https://registry.npmjs.org/express-myconnection from cache
172 silly registry.get cb [ 304, undefined ]
173 verbose etag https://registry.npmjs.org/body-parser from cache
174 silly registry.get cb [ 304, undefined ]
175 verbose etag https://registry.npmjs.org/ejs from cache
176 silly registry.get cb [ 304, undefined ]
177 verbose etag https://registry.npmjs.org/mysql from cache
178 silly registry.get cb [ 304, undefined ]
179 verbose etag https://registry.npmjs.org/express-validator from cache
180 silly registry.get cb [ 304, undefined ]
181 verbose etag https://registry.npmjs.org/express from cache
182 silly addNameRange number 2 { name: 'ejs', range: '>=1.0.0-0 <2.0.0-0', hasData: true }
183 silly addNameRange versions [ 'ejs',
183 silly addNameRange   [ '0.0.1',
183 silly addNameRange     '0.0.2',
183 silly addNameRange     '0.0.3',
183 silly addNameRange     '0.0.4',
183 silly addNameRange     '0.1.0',
183 silly addNameRange     '0.2.0',
183 silly addNameRange     '0.2.1',
183 silly addNameRange     '0.3.0',
183 silly addNameRange     '0.3.1',
183 silly addNameRange     '0.4.0',
183 silly addNameRange     '0.4.1',
183 silly addNameRange     '0.4.2',
183 silly addNameRange     '0.4.3',
183 silly addNameRange     '0.5.0',
183 silly addNameRange     '0.6.0',
183 silly addNameRange     '0.6.1',
183 silly addNameRange     '0.7.0',
183 silly addNameRange     '0.7.1',
183 silly addNameRange     '0.7.2',
183 silly addNameRange     '0.8.0',
183 silly addNameRange     '0.8.1',
183 silly addNameRange     '0.8.2',
183 silly addNameRange     '0.8.3',
183 silly addNameRange     '0.8.4',
183 silly addNameRange     '0.8.5',
183 silly addNameRange     '0.8.6',
183 silly addNameRange     '0.8.8',
183 silly addNameRange     '1.0.0',
183 silly addNameRange     '2.0.2',
183 silly addNameRange     '2.0.3',
183 silly addNameRange     '2.0.4',
183 silly addNameRange     '2.0.5',
183 silly addNameRange     '2.0.6',
183 silly addNameRange     '2.0.7',
183 silly addNameRange     '2.0.8',
183 silly addNameRange     '2.1.1',
183 silly addNameRange     '2.1.2',
183 silly addNameRange     '2.1.3',
183 silly addNameRange     '2.1.4',
183 silly addNameRange     '2.2.1',
183 silly addNameRange     '2.2.2',
183 silly addNameRange     '2.2.3',
183 silly addNameRange     '2.2.4',
183 silly addNameRange     '2.3.1' ] ]
184 verbose addNamed [ 'ejs', '1.0.0' ]
185 verbose addNamed [ '1.0.0', '1.0.0' ]
186 silly lockFile 3b9d58f7-ejs-1-0-0 ejs@1.0.0
187 verbose lock ejs@1.0.0 C:\Users\shamika\AppData\Roaming\npm-cache\3b9d58f7-ejs-1-0-0.lock
188 silly addNameRange number 2 { name: 'mysql', range: '*', hasData: true }
189 silly addNameRange versions [ 'mysql',
189 silly addNameRange   [ '0.1.0',
189 silly addNameRange     '0.2.0',
189 silly addNameRange     '0.3.0',
189 silly addNameRange     '0.4.0',
189 silly addNameRange     '0.5.0',
189 silly addNameRange     '0.6.0',
189 silly addNameRange     '0.7.0',
189 silly addNameRange     '0.8.0',
189 silly addNameRange     '0.9.0',
189 silly addNameRange     '0.9.1',
189 silly addNameRange     '0.9.2',
189 silly addNameRange     '0.9.3',
189 silly addNameRange     '0.9.4',
189 silly addNameRange     '0.9.5',
189 silly addNameRange     '0.9.6',
189 silly addNameRange     '2.0.0-alpha',
189 silly addNameRange     '2.0.0-alpha2',
189 silly addNameRange     '2.0.0-alpha3',
189 silly addNameRange     '2.0.0-alpha4',
189 silly addNameRange     '2.0.0-alpha5',
189 silly addNameRange     '2.0.0-alpha6',
189 silly addNameRange     '2.0.0-alpha7',
189 silly addNameRange     '2.0.0-alpha8',
189 silly addNameRange     '2.0.0-alpha9',
189 silly addNameRange     '2.0.0-rc1',
189 silly addNameRange     '2.0.0-rc2',
189 silly addNameRange     '2.0.0',
189 silly addNameRange     '2.0.1',
189 silly addNameRange     '2.1.0',
189 silly addNameRange     '2.1.1',
189 silly addNameRange     '2.2.0',
189 silly addNameRange     '2.3.0',
189 silly addNameRange     '2.3.1',
189 silly addNameRange     '2.3.2',
189 silly addNameRange     '2.4.0',
189 silly addNameRange     '2.4.1',
189 silly addNameRange     '2.4.2',
189 silly addNameRange     '2.4.3',
189 silly addNameRange     '2.5.0',
189 silly addNameRange     '2.5.1',
189 silly addNameRange     '2.5.2',
189 silly addNameRange     '2.5.3',
189 silly addNameRange     '2.5.4',
189 silly addNameRange     '2.5.5',
189 silly addNameRange     '2.6.0',
189 silly addNameRange     '2.6.1' ] ]
190 verbose addNamed [ 'mysql', '2.6.1' ]
191 verbose addNamed [ '2.6.1', '2.6.1' ]
192 silly lockFile a5f87f60-mysql-2-6-1 mysql@2.6.1
193 verbose lock mysql@2.6.1 C:\Users\shamika\AppData\Roaming\npm-cache\a5f87f60-mysql-2-6-1.lock
194 silly addNameRange number 2 { name: 'express-validator',
194 silly addNameRange   range: '>=2.6.0-0 <3.0.0-0',
194 silly addNameRange   hasData: true }
195 silly addNameRange versions [ 'express-validator',
195 silly addNameRange   [ '0.1.0',
195 silly addNameRange     '0.1.1',
195 silly addNameRange     '0.1.2',
195 silly addNameRange     '0.1.3',
195 silly addNameRange     '0.2.0',
195 silly addNameRange     '0.2.1',
195 silly addNameRange     '0.2.2',
195 silly addNameRange     '0.2.3',
195 silly addNameRange     '0.2.4',
195 silly addNameRange     '0.3.0',
195 silly addNameRange     '0.3.1',
195 silly addNameRange     '0.3.2',
195 silly addNameRange     '0.4.0',
195 silly addNameRange     '0.4.1',
195 silly addNameRange     '0.5.0',
195 silly addNameRange     '0.6.0',
195 silly addNameRange     '0.7.0',
195 silly addNameRange     '0.8.0',
195 silly addNameRange     '1.0.0',
195 silly addNameRange     '1.0.1',
195 silly addNameRange     '2.0.0',
195 silly addNameRange     '2.1.0',
195 silly addNameRange     '2.1.1',
195 silly addNameRange     '2.1.2',
195 silly addNameRange     '2.2.0',
195 silly addNameRange     '2.3.0',
195 silly addNameRange     '2.4.0',
195 silly addNameRange     '2.5.0',
195 silly addNameRange     '2.6.0',
195 silly addNameRange     '2.7.0',
195 silly addNameRange     '2.8.0',
195 silly addNameRange     '2.9.0' ] ]
196 verbose addNamed [ 'express-validator', '2.9.0' ]
197 verbose addNamed [ '2.9.0', '2.9.0' ]
198 silly lockFile dff7795b-express-validator-2-9-0 express-validator@2.9.0
199 verbose lock express-validator@2.9.0 C:\Users\shamika\AppData\Roaming\npm-cache\dff7795b-express-validator-2-9-0.lock
200 silly addNameRange number 2 { name: 'express-myconnection', range: '*', hasData: true }
201 silly addNameRange versions [ 'express-myconnection',
201 silly addNameRange   [ '1.0.1', '1.0.2', '1.0.3', '1.0.4' ] ]
202 verbose addNamed [ 'express-myconnection', '1.0.4' ]
203 verbose addNamed [ '1.0.4', '1.0.4' ]
204 silly lockFile 48292ff0-express-myconnection-1-0-4 express-myconnection@1.0.4
205 verbose lock express-myconnection@1.0.4 C:\Users\shamika\AppData\Roaming\npm-cache\48292ff0-express-myconnection-1-0-4.lock
206 silly lockFile 51d6c925-js-org-express-express-4-9-5-tgz https://registry.npmjs.org/express/-/express-4.9.5.tgz
207 verbose lock https://registry.npmjs.org/express/-/express-4.9.5.tgz C:\Users\shamika\AppData\Roaming\npm-cache\51d6c925-js-org-express-express-4-9-5-tgz.lock
208 silly lockFile c6dc987b-body-parser-1-9-0 body-parser@1.9.0
209 silly lockFile c6dc987b-body-parser-1-9-0 body-parser@1.9.0
210 verbose addRemoteTarball [ 'https://registry.npmjs.org/express/-/express-4.9.5.tgz',
210 verbose addRemoteTarball   '7f62aa84ac8f5e96acfb98e2944dde0bf1cf8688' ]
211 silly lockFile f35e77d5-n-express-myconnection-1-0-4-tgz https://registry.npmjs.org/express-myconnection/-/express-myconnection-1.0.4.tgz
212 verbose lock https://registry.npmjs.org/express-myconnection/-/express-myconnection-1.0.4.tgz C:\Users\shamika\AppData\Roaming\npm-cache\f35e77d5-n-express-myconnection-1-0-4-tgz.lock
213 silly lockFile 3b9d58f7-ejs-1-0-0 ejs@1.0.0
214 silly lockFile 3b9d58f7-ejs-1-0-0 ejs@1.0.0
215 silly lockFile a5f87f60-mysql-2-6-1 mysql@2.6.1
216 silly lockFile a5f87f60-mysql-2-6-1 mysql@2.6.1
217 verbose addRemoteTarball [ 'https://registry.npmjs.org/express-myconnection/-/express-myconnection-1.0.4.tgz',
217 verbose addRemoteTarball   '8776049fbf9f262209cffdb535b7c7509733ff55' ]
218 silly lockFile b798bccb-ejs-1-0-0 ejs@^1.0.0
219 silly lockFile b798bccb-ejs-1-0-0 ejs@^1.0.0
220 silly lockFile 68913812-mysql mysql@*
221 silly lockFile 68913812-mysql mysql@*
222 silly lockFile dff7795b-express-validator-2-9-0 express-validator@2.9.0
223 silly lockFile dff7795b-express-validator-2-9-0 express-validator@2.9.0
224 silly lockFile 7ddbc988-express-validator-2-6-0 express-validator@^2.6.0
225 silly lockFile 7ddbc988-express-validator-2-6-0 express-validator@^2.6.0
226 info retry fetch attempt 1 at 17:33:14
227 verbose fetch to= C:\Users\shamika\AppData\Local\Temp\npm-3344-sfuEuQsm\registry.npmjs.org\express\-\express-4.9.5.tgz
228 info retry fetch attempt 1 at 17:33:14
229 verbose fetch to= C:\Users\shamika\AppData\Local\Temp\npm-3344-sfuEuQsm\registry.npmjs.org\express-myconnection\-\express-myconnection-1.0.4.tgz
230 http GET https://registry.npmjs.org/express/-/express-4.9.5.tgz
231 http GET https://registry.npmjs.org/express-myconnection/-/express-myconnection-1.0.4.tgz
232 error fetch failed https://registry.npmjs.org/express/-/express-4.9.5.tgz
233 info retry will retry, error on last attempt: Error: tunneling socket could not be established, cause=6736:error:140770FC:SSL routines:SSL23_GET_SERVER_HELLO:unknown protocol:openssl\ssl\s23_clnt.c:795:
234 error fetch failed https://registry.npmjs.org/express-myconnection/-/express-myconnection-1.0.4.tgz
235 info retry will retry, error on last attempt: Error: tunneling socket could not be established, cause=6736:error:140770FC:SSL routines:SSL23_GET_SERVER_HELLO:unknown protocol:openssl\ssl\s23_clnt.c:795:
236 info retry fetch attempt 2 at 17:33:24
237 verbose fetch to= C:\Users\shamika\AppData\Local\Temp\npm-3344-sfuEuQsm\registry.npmjs.org\express\-\express-4.9.5.tgz
238 info retry fetch attempt 2 at 17:33:24
239 verbose fetch to= C:\Users\shamika\AppData\Local\Temp\npm-3344-sfuEuQsm\registry.npmjs.org\express-myconnection\-\express-myconnection-1.0.4.tgz
240 http GET https://registry.npmjs.org/express/-/express-4.9.5.tgz
241 http GET https://registry.npmjs.org/express-myconnection/-/express-myconnection-1.0.4.tgz
242 error fetch failed https://registry.npmjs.org/express/-/express-4.9.5.tgz
243 info retry will retry, error on last attempt: Error: tunneling socket could not be established, cause=6736:error:140770FC:SSL routines:SSL23_GET_SERVER_HELLO:unknown protocol:openssl\ssl\s23_clnt.c:795:
244 error fetch failed https://registry.npmjs.org/express-myconnection/-/express-myconnection-1.0.4.tgz
245 info retry will retry, error on last attempt: Error: tunneling socket could not be established, cause=6736:error:140770FC:SSL routines:SSL23_GET_SERVER_HELLO:unknown protocol:openssl\ssl\s23_clnt.c:795:
246 info retry fetch attempt 3 at 17:34:24
247 verbose fetch to= C:\Users\shamika\AppData\Local\Temp\npm-3344-sfuEuQsm\registry.npmjs.org\express\-\express-4.9.5.tgz
248 http GET https://registry.npmjs.org/express/-/express-4.9.5.tgz
249 info retry fetch attempt 3 at 17:34:24
250 verbose fetch to= C:\Users\shamika\AppData\Local\Temp\npm-3344-sfuEuQsm\registry.npmjs.org\express-myconnection\-\express-myconnection-1.0.4.tgz
251 http GET https://registry.npmjs.org/express-myconnection/-/express-myconnection-1.0.4.tgz
252 error fetch failed https://registry.npmjs.org/express/-/express-4.9.5.tgz
253 silly lockFile 51d6c925-js-org-express-express-4-9-5-tgz https://registry.npmjs.org/express/-/express-4.9.5.tgz
254 silly lockFile 51d6c925-js-org-express-express-4-9-5-tgz https://registry.npmjs.org/express/-/express-4.9.5.tgz
255 silly lockFile f27a90a0-express-4-9-5 express@4.9.5
256 silly lockFile f27a90a0-express-4-9-5 express@4.9.5
257 error fetch failed https://registry.npmjs.org/express-myconnection/-/express-myconnection-1.0.4.tgz
258 silly lockFile f35e77d5-n-express-myconnection-1-0-4-tgz https://registry.npmjs.org/express-myconnection/-/express-myconnection-1.0.4.tgz
259 silly lockFile f35e77d5-n-express-myconnection-1-0-4-tgz https://registry.npmjs.org/express-myconnection/-/express-myconnection-1.0.4.tgz
260 silly lockFile 48292ff0-express-myconnection-1-0-4 express-myconnection@1.0.4
261 silly lockFile 48292ff0-express-myconnection-1-0-4 express-myconnection@1.0.4
262 silly lockFile 2bac6400-express-myconnection express-myconnection@*
263 silly lockFile 2bac6400-express-myconnection express-myconnection@*
264 error network tunneling socket could not be established, cause=6736:error:140770FC:SSL routines:SSL23_GET_SERVER_HELLO:unknown protocol:openssl\ssl\s23_clnt.c:795:
264 error network
264 error network This is most likely not a problem with npm itself
264 error network and is related to network connectivity.
264 error network In most cases you are behind a proxy or have bad network settings.
264 error network
264 error network If you are behind a proxy, please make sure that the
264 error network 'proxy' config is set properly.  See: 'npm help config'
265 error System Windows_NT 6.2.9200
266 error command "C:\\Program Files\\nodejs\\\\node.exe" "C:\\Program Files\\nodejs\\node_modules\\npm\\bin\\npm-cli.js" "install"
267 error cwd C:\Users\shamika\Desktop\AQMS
268 error node -v v0.10.34
269 error npm -v 1.4.28
270 error code ECONNRESET
271 verbose exit [ 1, true ]
